[NX Daemon Server] - 2025-08-19T16:40:15.576Z - Started listening on: /private/var/folders/35/y91w68hd3t51n5phjfqzcwzm0000gp/T/dfb783c533a28ccad8f2/d.sock
[NX Daemon Server] - 2025-08-19T16:40:15.580Z - [WATCHER]: Subscribed to changes within: /Users/michal.lukasiewicz/Programming/dungeon-crawler (native)
[NX Daemon Server] - 2025-08-19T16:40:15.584Z - Established a connection. Number of open connections: 1
[NX Daemon Server] - 2025-08-19T16:40:15.585Z - Closed a connection. Number of open connections: 0
[NX Daemon Server] - 2025-08-19T16:40:15.588Z - Established a connection. Number of open connections: 1
[NX Daemon Server] - 2025-08-19T16:40:15.588Z - Closed a connection. Number of open connections: 0
[NX Daemon Server] - 2025-08-19T16:40:15.636Z - Established a connection. Number of open connections: 1
[NX Daemon Server] - 2025-08-19T16:40:15.646Z - Established a connection. Number of open connections: 2
[NX Daemon Server] - 2025-08-19T16:40:15.662Z - Closed a connection. Number of open connections: 1
[NX Daemon Server] - 2025-08-19T16:40:15.663Z - Closed a connection. Number of open connections: 0
[NX Daemon Server] - 2025-08-19T16:40:15.658Z - Started listening on: /private/var/folders/35/y91w68hd3t51n5phjfqzcwzm0000gp/T/dfb783c533a28ccad8f2/d.sock
[NX Daemon Server] - 2025-08-19T16:40:15.664Z - [WATCHER]: Subscribed to changes within: /Users/michal.lukasiewicz/Programming/dungeon-crawler (native)
[NX Daemon Server] - 2025-08-19T16:40:15.664Z - Established a connection. Number of open connections: 1
[NX Daemon Server] - 2025-08-19T16:40:15.664Z - Established a connection. Number of open connections: 2
[NX Daemon Server] - 2025-08-19T16:40:15.665Z - [REQUEST]: Client Request for Project Graph Received
[NX Daemon Server] - 2025-08-19T16:40:15.689Z - [REQUEST]: Updated workspace context based on watched changes, recomputing project graph...
[NX Daemon Server] - 2025-08-19T16:40:15.690Z - [REQUEST]: 
[NX Daemon Server] - 2025-08-19T16:40:15.690Z - [REQUEST]: 
[NX Daemon Server] - 2025-08-19T16:40:15.739Z - [REQUEST]: Responding to the client. project-graph
[NX Daemon Server] - 2025-08-19T16:40:15.739Z - Time taken for 'total for creating and serializing project graph' 73.80208399999998ms
[NX Daemon Server] - 2025-08-19T16:40:15.740Z - [REQUEST]: Client Request for Project Graph Received
[NX Daemon Server] - 2025-08-19T16:40:15.740Z - [REQUEST]: Responding to the client. project-graph
[NX Daemon Server] - 2025-08-19T16:40:15.740Z - Time taken for 'total for creating and serializing project graph' 0.6973330000000146ms
[NX Daemon Server] - 2025-08-19T16:40:15.743Z - Done responding to the client project-graph
[NX Daemon Server] - 2025-08-19T16:40:15.743Z - Handled REQUEST_PROJECT_GRAPH. Handling time: 74. Response time: 4.
[NX Daemon Server] - 2025-08-19T16:40:15.744Z - Done responding to the client project-graph
[NX Daemon Server] - 2025-08-19T16:40:15.744Z - Handled REQUEST_PROJECT_GRAPH. Handling time: 0. Response time: 4.
[NX Daemon Server] - 2025-08-19T16:40:15.746Z - [REQUEST]: Responding to the client. handleRequestFileData
[NX Daemon Server] - 2025-08-19T16:40:15.747Z - [REQUEST]: Responding to the client. handleRequestFileData
[NX Daemon Server] - 2025-08-19T16:40:15.768Z - Done responding to the client handleRequestFileData
[NX Daemon Server] - 2025-08-19T16:40:15.768Z - Handled REQUEST_FILE_DATA. Handling time: 1. Response time: 22.
[NX Daemon Server] - 2025-08-19T16:40:15.773Z - Closed a connection. Number of open connections: 1
[NX Daemon Server] - 2025-08-19T16:40:15.776Z - Done responding to the client handleRequestFileData
[NX Daemon Server] - 2025-08-19T16:40:15.778Z - Handled REQUEST_FILE_DATA. Handling time: 0. Response time: 31.
[NX Daemon Server] - 2025-08-19T16:40:15.782Z - Closed a connection. Number of open connections: 0
[NX Daemon Server] - 2025-08-19T16:40:15.929Z - Established a connection. Number of open connections: 1
[NX Daemon Server] - 2025-08-19T16:40:15.930Z - Established a connection. Number of open connections: 2
[NX Daemon Server] - 2025-08-19T16:40:15.931Z - Closed a connection. Number of open connections: 1
[NX Daemon Server] - 2025-08-19T16:40:15.932Z - Established a connection. Number of open connections: 2
[NX Daemon Server] - 2025-08-19T16:40:15.932Z - Closed a connection. Number of open connections: 1
[NX Daemon Server] - 2025-08-19T16:40:15.932Z - [REQUEST]: Client Request for Project Graph Received
[NX Daemon Server] - 2025-08-19T16:40:15.933Z - [REQUEST]: Responding to the client. project-graph
[NX Daemon Server] - 2025-08-19T16:40:15.933Z - Time taken for 'total for creating and serializing project graph' 0.7013329999999769ms
[NX Daemon Server] - 2025-08-19T16:40:15.933Z - Done responding to the client project-graph
[NX Daemon Server] - 2025-08-19T16:40:15.933Z - Handled REQUEST_PROJECT_GRAPH. Handling time: 1. Response time: 0.
[NX Daemon Server] - 2025-08-19T16:40:15.934Z - [REQUEST]: Client Request for Project Graph Received
[NX Daemon Server] - 2025-08-19T16:40:15.935Z - [REQUEST]: Responding to the client. project-graph
[NX Daemon Server] - 2025-08-19T16:40:15.935Z - Time taken for 'total for creating and serializing project graph' 0.728999999999985ms
[NX Daemon Server] - 2025-08-19T16:40:15.936Z - Done responding to the client project-graph
[NX Daemon Server] - 2025-08-19T16:40:15.936Z - Handled REQUEST_PROJECT_GRAPH. Handling time: 1. Response time: 1.
[NX Daemon Server] - 2025-08-19T16:40:15.937Z - Established a connection. Number of open connections: 2
[NX Daemon Server] - 2025-08-19T16:40:16.022Z - Established a connection. Number of open connections: 3
[NX Daemon Server] - 2025-08-19T16:40:16.026Z - Established a connection. Number of open connections: 4
[NX Daemon Server] - 2025-08-19T16:40:16.026Z - Closed a connection. Number of open connections: 3
[NX Daemon Server] - 2025-08-19T16:40:16.026Z - Established a connection. Number of open connections: 4
[NX Daemon Server] - 2025-08-19T16:40:16.026Z - Closed a connection. Number of open connections: 3
[NX Daemon Server] - 2025-08-19T16:40:16.027Z - [REQUEST]: Client Request for Project Graph Received
[NX Daemon Server] - 2025-08-19T16:40:16.027Z - [REQUEST]: Responding to the client. project-graph
[NX Daemon Server] - 2025-08-19T16:40:16.027Z - Time taken for 'total for creating and serializing project graph' 0.5837920000000167ms
[NX Daemon Server] - 2025-08-19T16:40:16.028Z - Done responding to the client project-graph
[NX Daemon Server] - 2025-08-19T16:40:16.028Z - Handled REQUEST_PROJECT_GRAPH. Handling time: 0. Response time: 1.
[NX Daemon Server] - 2025-08-19T16:40:16.028Z - [REQUEST]: Client Request for Project Graph Received
[NX Daemon Server] - 2025-08-19T16:40:16.029Z - [REQUEST]: Responding to the client. project-graph
[NX Daemon Server] - 2025-08-19T16:40:16.029Z - Time taken for 'total for creating and serializing project graph' 0.5448749999999336ms
[NX Daemon Server] - 2025-08-19T16:40:16.029Z - Done responding to the client project-graph
[NX Daemon Server] - 2025-08-19T16:40:16.029Z - Handled REQUEST_PROJECT_GRAPH. Handling time: 1. Response time: 0.
[NX Daemon Server] - 2025-08-19T16:40:16.029Z - Established a connection. Number of open connections: 4
[NX Daemon Server] - 2025-08-19T16:40:16.664Z - Established a connection. Number of open connections: 5
[NX Daemon Server] - 2025-08-19T16:40:16.664Z - [REQUEST]: Client Request for Project Graph Received
[NX Daemon Server] - 2025-08-19T16:40:16.665Z - [REQUEST]: Responding to the client. project-graph
[NX Daemon Server] - 2025-08-19T16:40:16.665Z - Time taken for 'total for creating and serializing project graph' 0.4707909999999629ms
[NX Daemon Server] - 2025-08-19T16:40:16.665Z - Closed a connection. Number of open connections: 4
[NX Daemon Server] - 2025-08-19T16:40:16.668Z - Established a connection. Number of open connections: 5
[NX Daemon Server] - 2025-08-19T16:40:16.668Z - [REQUEST]: Client Request for Project Graph Received
[NX Daemon Server] - 2025-08-19T16:40:16.669Z - [REQUEST]: Responding to the client. project-graph
[NX Daemon Server] - 2025-08-19T16:40:16.669Z - Time taken for 'total for creating and serializing project graph' 0.779459000000088ms
[NX Daemon Server] - 2025-08-19T16:40:16.671Z - Closed a connection. Number of open connections: 4
[NX Daemon Server] - 2025-08-19T16:40:16.672Z - Done responding to the client project-graph
[NX Daemon Server] - 2025-08-19T16:40:16.673Z - Handled REQUEST_PROJECT_GRAPH. Handling time: 1. Response time: 8.
[NX Daemon Server] - 2025-08-19T16:40:16.673Z - Done responding to the client project-graph
[NX Daemon Server] - 2025-08-19T16:40:16.673Z - Handled REQUEST_PROJECT_GRAPH. Handling time: 1. Response time: 4.
[NX Daemon Server] - 2025-08-19T16:40:16.675Z - [REQUEST]: Responding to the client. handleRequestFileData
[NX Daemon Server] - 2025-08-19T16:40:16.676Z - [REQUEST]: Responding to the client. handleRequestFileData
[NX Daemon Server] - 2025-08-19T16:40:16.677Z - Done responding to the client handleRequestFileData
[NX Daemon Server] - 2025-08-19T16:40:16.677Z - Handled REQUEST_FILE_DATA. Handling time: 1. Response time: 1.
[NX Daemon Server] - 2025-08-19T16:40:16.677Z - Done responding to the client handleRequestFileData
[NX Daemon Server] - 2025-08-19T16:40:16.677Z - Handled REQUEST_FILE_DATA. Handling time: 1. Response time: 2.
[NX Daemon Server] - 2025-08-19T16:40:16.681Z - Closed a connection. Number of open connections: 3
[NX Daemon Server] - 2025-08-19T16:40:16.681Z - Closed a connection. Number of open connections: 2
[NX Daemon Server] - 2025-08-19T16:40:16.935Z - Closed a connection. Number of open connections: 1
[NX Daemon Server] - 2025-08-19T16:40:16.936Z - Closed a connection. Number of open connections: 0
[NX Daemon Server] - 2025-08-19T16:40:16.940Z - Established a connection. Number of open connections: 1
[NX Daemon Server] - 2025-08-19T16:40:16.940Z - Established a connection. Number of open connections: 2
[NX Daemon Server] - 2025-08-19T16:40:16.940Z - Closed a connection. Number of open connections: 1
[NX Daemon Server] - 2025-08-19T16:40:16.940Z - Established a connection. Number of open connections: 2
[NX Daemon Server] - 2025-08-19T16:40:16.940Z - Closed a connection. Number of open connections: 1
[NX Daemon Server] - 2025-08-19T16:40:16.940Z - [REQUEST]: Client Request for Project Graph Received
[NX Daemon Server] - 2025-08-19T16:40:16.941Z - [REQUEST]: Responding to the client. project-graph
[NX Daemon Server] - 2025-08-19T16:40:16.941Z - Time taken for 'total for creating and serializing project graph' 0.5700419999998303ms
[NX Daemon Server] - 2025-08-19T16:40:16.941Z - Done responding to the client project-graph
[NX Daemon Server] - 2025-08-19T16:40:16.942Z - Handled REQUEST_PROJECT_GRAPH. Handling time: 1. Response time: 0.
[NX Daemon Server] - 2025-08-19T16:40:16.942Z - [REQUEST]: Client Request for Project Graph Received
[NX Daemon Server] - 2025-08-19T16:40:16.944Z - [REQUEST]: Responding to the client. project-graph
[NX Daemon Server] - 2025-08-19T16:40:16.944Z - Time taken for 'total for creating and serializing project graph' 1.203708000000006ms
[NX Daemon Server] - 2025-08-19T16:40:16.944Z - Established a connection. Number of open connections: 2
[NX Daemon Server] - 2025-08-19T16:40:16.944Z - Established a connection. Number of open connections: 3
[NX Daemon Server] - 2025-08-19T16:40:16.944Z - Closed a connection. Number of open connections: 2
[NX Daemon Server] - 2025-08-19T16:40:16.944Z - Established a connection. Number of open connections: 3
[NX Daemon Server] - 2025-08-19T16:40:16.944Z - Closed a connection. Number of open connections: 2
[NX Daemon Server] - 2025-08-19T16:40:16.944Z - [REQUEST]: Client Request for Project Graph Received
[NX Daemon Server] - 2025-08-19T16:40:16.946Z - [REQUEST]: Responding to the client. project-graph
[NX Daemon Server] - 2025-08-19T16:40:16.946Z - Time taken for 'total for creating and serializing project graph' 1.5709580000000187ms
[NX Daemon Server] - 2025-08-19T16:40:16.947Z - Done responding to the client project-graph
[NX Daemon Server] - 2025-08-19T16:40:16.947Z - Handled REQUEST_PROJECT_GRAPH. Handling time: 2. Response time: 3.
[NX Daemon Server] - 2025-08-19T16:40:16.948Z - Established a connection. Number of open connections: 3
[NX Daemon Server] - 2025-08-19T16:40:16.948Z - Done responding to the client project-graph
[NX Daemon Server] - 2025-08-19T16:40:16.948Z - Handled REQUEST_PROJECT_GRAPH. Handling time: 2. Response time: 2.
[NX Daemon Server] - 2025-08-19T16:40:16.949Z - [REQUEST]: Client Request for Project Graph Received
[NX Daemon Server] - 2025-08-19T16:40:16.951Z - [REQUEST]: Responding to the client. project-graph
[NX Daemon Server] - 2025-08-19T16:40:16.951Z - Time taken for 'total for creating and serializing project graph' 1.4472920000000613ms
[NX Daemon Server] - 2025-08-19T16:40:16.955Z - Done responding to the client project-graph
[NX Daemon Server] - 2025-08-19T16:40:16.955Z - Handled REQUEST_PROJECT_GRAPH. Handling time: 2. Response time: 4.
[NX Daemon Server] - 2025-08-19T16:40:16.956Z - Established a connection. Number of open connections: 4
[NX Daemon Server] - 2025-08-19T16:40:17.749Z - [WATCHER]: Processing file changes in outputs
[NX Daemon Server] - 2025-08-19T16:40:17.749Z - [WATCHER]: Processing file changes in outputs
[NX Daemon Server] - 2025-08-19T16:40:17.750Z - [WATCHER]: Stopping the watcher for /Users/michal.lukasiewicz/Programming/dungeon-crawler (sources)
[NX Daemon Server] - 2025-08-19T16:40:17.750Z - [WATCHER]: Stopping the watcher for /Users/michal.lukasiewicz/Programming/dungeon-crawler (outputs)
[NX Daemon Server] - 2025-08-19T16:40:17.750Z - Server stopped because: "Lock file changed"
node:events:496
      throw er; // Unhandled 'error' event
      ^

Error: listen EADDRINUSE: address already in use /private/var/folders/35/y91w68hd3t51n5phjfqzcwzm0000gp/T/dfb783c533a28ccad8f2/d.sock
    at Server.setupListenHandle [as _listen2] (node:net:1918:21)
    at listenInCluster (node:net:1997:12)
    at Server.listen (node:net:2119:5)
    at /Users/michal.lukasiewicz/Programming/dungeon-crawler/node_modules/nx/src/daemon/server/server.js:276:20
    at new Promise (<anonymous>)
    at startServer (/Users/michal.lukasiewicz/Programming/dungeon-crawler/node_modules/nx/src/daemon/server/server.js:274:12)
    at async /Users/michal.lukasiewicz/Programming/dungeon-crawler/node_modules/nx/src/daemon/server/start.js:8:9
Emitted 'error' event on Server instance at:
    at emitErrorNT (node:net:1976:8)
    at process.processTicksAndRejections (node:internal/process/task_queues:90:21) {
  code: 'EADDRINUSE',
  errno: -48,
  syscall: 'listen',
  address: '/private/var/folders/35/y91w68hd3t51n5phjfqzcwzm0000gp/T/dfb783c533a28ccad8f2/d.sock',
  port: -1
}

Node.js v22.17.1
[NX Daemon Server] - 2025-08-19T16:40:33.500Z - Started listening on: /private/var/folders/35/y91w68hd3t51n5phjfqzcwzm0000gp/T/dfb783c533a28ccad8f2/d.sock
[NX Daemon Server] - 2025-08-19T16:40:33.502Z - [WATCHER]: Subscribed to changes within: /Users/michal.lukasiewicz/Programming/dungeon-crawler (native)
[NX Daemon Server] - 2025-08-19T16:40:33.504Z - Established a connection. Number of open connections: 1
[NX Daemon Server] - 2025-08-19T16:40:33.504Z - Established a connection. Number of open connections: 2
[NX Daemon Server] - 2025-08-19T16:40:33.505Z - Closed a connection. Number of open connections: 1
[NX Daemon Server] - 2025-08-19T16:40:33.505Z - Closed a connection. Number of open connections: 0
[NX Daemon Server] - 2025-08-19T16:40:33.514Z - Established a connection. Number of open connections: 1
[NX Daemon Server] - 2025-08-19T16:40:33.514Z - Established a connection. Number of open connections: 2
[NX Daemon Server] - 2025-08-19T16:40:33.514Z - Closed a connection. Number of open connections: 1
[NX Daemon Server] - 2025-08-19T16:40:33.515Z - [REQUEST]: Client Request for Project Graph Received
[NX Daemon Server] - 2025-08-19T16:40:33.526Z - [REQUEST]: Updated workspace context based on watched changes, recomputing project graph...
[NX Daemon Server] - 2025-08-19T16:40:33.526Z - [REQUEST]: 
[NX Daemon Server] - 2025-08-19T16:40:33.526Z - [REQUEST]: 
[NX Daemon Server] - 2025-08-19T16:40:33.596Z - [REQUEST]: Responding to the client. project-graph
[NX Daemon Server] - 2025-08-19T16:40:33.597Z - Time taken for 'total for creating and serializing project graph' 81.41550000000001ms
[NX Daemon Server] - 2025-08-19T16:40:33.597Z - Established a connection. Number of open connections: 2
[NX Daemon Server] - 2025-08-19T16:40:33.597Z - Established a connection. Number of open connections: 3
[NX Daemon Server] - 2025-08-19T16:40:33.597Z - Closed a connection. Number of open connections: 2
[NX Daemon Server] - 2025-08-19T16:40:33.597Z - [REQUEST]: Client Request for Project Graph Received
[NX Daemon Server] - 2025-08-19T16:40:33.598Z - [REQUEST]: Responding to the client. project-graph
[NX Daemon Server] - 2025-08-19T16:40:33.598Z - Time taken for 'total for creating and serializing project graph' 0.43520800000001714ms
[NX Daemon Server] - 2025-08-19T16:40:33.599Z - Done responding to the client project-graph
[NX Daemon Server] - 2025-08-19T16:40:33.599Z - Handled REQUEST_PROJECT_GRAPH. Handling time: 81. Response time: 3.
[NX Daemon Server] - 2025-08-19T16:40:33.600Z - Done responding to the client project-graph
[NX Daemon Server] - 2025-08-19T16:40:33.600Z - Handled REQUEST_PROJECT_GRAPH. Handling time: 1. Response time: 2.
[NX Daemon Server] - 2025-08-19T16:40:33.602Z - [REQUEST]: Responding to the client. handleRequestFileData
[NX Daemon Server] - 2025-08-19T16:40:33.604Z - [REQUEST]: Responding to the client. handleRequestFileData
[NX Daemon Server] - 2025-08-19T16:40:33.604Z - Done responding to the client handleRequestFileData
[NX Daemon Server] - 2025-08-19T16:40:33.604Z - Handled REQUEST_FILE_DATA. Handling time: 1. Response time: 0.
[NX Daemon Server] - 2025-08-19T16:40:33.604Z - Done responding to the client handleRequestFileData
[NX Daemon Server] - 2025-08-19T16:40:33.604Z - Handled REQUEST_FILE_DATA. Handling time: 1. Response time: 2.
[NX Daemon Server] - 2025-08-19T16:40:33.605Z - Closed a connection. Number of open connections: 1
[NX Daemon Server] - 2025-08-19T16:40:33.606Z - Closed a connection. Number of open connections: 0
[NX Daemon Server] - 2025-08-19T16:40:33.645Z - Established a connection. Number of open connections: 1
[NX Daemon Server] - 2025-08-19T16:40:33.645Z - Established a connection. Number of open connections: 2
[NX Daemon Server] - 2025-08-19T16:40:33.645Z - Closed a connection. Number of open connections: 1
[NX Daemon Server] - 2025-08-19T16:40:33.645Z - Established a connection. Number of open connections: 2
[NX Daemon Server] - 2025-08-19T16:40:33.645Z - Closed a connection. Number of open connections: 1
[NX Daemon Server] - 2025-08-19T16:40:33.645Z - Established a connection. Number of open connections: 2
[NX Daemon Server] - 2025-08-19T16:40:33.646Z - [REQUEST]: Client Request for Project Graph Received
[NX Daemon Server] - 2025-08-19T16:40:33.646Z - [REQUEST]: Responding to the client. project-graph
[NX Daemon Server] - 2025-08-19T16:40:33.646Z - Time taken for 'total for creating and serializing project graph' 0.3764160000000061ms
[NX Daemon Server] - 2025-08-19T16:40:33.647Z - Established a connection. Number of open connections: 3
[NX Daemon Server] - 2025-08-19T16:40:33.647Z - Closed a connection. Number of open connections: 2
[NX Daemon Server] - 2025-08-19T16:40:33.647Z - Established a connection. Number of open connections: 3
[NX Daemon Server] - 2025-08-19T16:40:33.647Z - Closed a connection. Number of open connections: 2
[NX Daemon Server] - 2025-08-19T16:40:33.647Z - [REQUEST]: Client Request for Project Graph Received
[NX Daemon Server] - 2025-08-19T16:40:33.647Z - [REQUEST]: Responding to the client. project-graph
[NX Daemon Server] - 2025-08-19T16:40:33.647Z - Time taken for 'total for creating and serializing project graph' 0.2529999999999859ms
[NX Daemon Server] - 2025-08-19T16:40:33.648Z - Done responding to the client project-graph
[NX Daemon Server] - 2025-08-19T16:40:33.648Z - Handled REQUEST_PROJECT_GRAPH. Handling time: 0. Response time: 1.
[NX Daemon Server] - 2025-08-19T16:40:33.650Z - Done responding to the client project-graph
[NX Daemon Server] - 2025-08-19T16:40:33.650Z - Handled REQUEST_PROJECT_GRAPH. Handling time: 0. Response time: 4.
[NX Daemon Server] - 2025-08-19T16:40:33.650Z - [REQUEST]: Client Request for Project Graph Received
[NX Daemon Server] - 2025-08-19T16:40:33.651Z - [REQUEST]: Responding to the client. project-graph
[NX Daemon Server] - 2025-08-19T16:40:33.651Z - Time taken for 'total for creating and serializing project graph' 0.42254199999999287ms
[NX Daemon Server] - 2025-08-19T16:40:33.652Z - [REQUEST]: Client Request for Project Graph Received
[NX Daemon Server] - 2025-08-19T16:40:33.653Z - [REQUEST]: Responding to the client. project-graph
[NX Daemon Server] - 2025-08-19T16:40:33.654Z - Time taken for 'total for creating and serializing project graph' 0.42833299999998076ms
[NX Daemon Server] - 2025-08-19T16:40:33.654Z - Done responding to the client project-graph
[NX Daemon Server] - 2025-08-19T16:40:33.654Z - Handled REQUEST_PROJECT_GRAPH. Handling time: 1. Response time: 3.
[NX Daemon Server] - 2025-08-19T16:40:33.655Z - Done responding to the client project-graph
[NX Daemon Server] - 2025-08-19T16:40:33.655Z - Handled REQUEST_PROJECT_GRAPH. Handling time: 1. Response time: 2.
[NX Daemon Server] - 2025-08-19T16:40:33.656Z - Established a connection. Number of open connections: 3
[NX Daemon Server] - 2025-08-19T16:40:33.657Z - Established a connection. Number of open connections: 4
[NX Daemon Server] - 2025-08-19T16:40:39.103Z - [WATCHER]: .eslintrc.json was modified
[NX Daemon Server] - 2025-08-19T16:40:39.105Z - [REQUEST]: Responding to the client. File watch changed
[NX Daemon Server] - 2025-08-19T16:40:39.105Z - [REQUEST]: Responding to the client. File watch changed
[NX Daemon Server] - 2025-08-19T16:40:39.105Z - Done responding to the client File watch changed
[NX Daemon Server] - 2025-08-19T16:40:39.105Z - Done responding to the client File watch changed
[NX Daemon Server] - 2025-08-19T16:40:39.105Z - Handled FILE-WATCH-CHANGED. Handling time: 0. Response time: 1.
[NX Daemon Server] - 2025-08-19T16:40:39.105Z - Handled FILE-WATCH-CHANGED. Handling time: 1. Response time: 0.
[NX Daemon Server] - 2025-08-19T16:40:39.105Z - [WATCHER]: Processing file changes in outputs
[NX Daemon Server] - 2025-08-19T16:40:39.106Z - Time taken for 'changed-projects' 0.7545000000000073ms
[NX Daemon Server] - 2025-08-19T16:40:39.209Z - [REQUEST]: Updated workspace context based on watched changes, recomputing project graph...
[NX Daemon Server] - 2025-08-19T16:40:39.209Z - [REQUEST]: .eslintrc.json
[NX Daemon Server] - 2025-08-19T16:40:39.209Z - [REQUEST]: 
[NX Daemon Server] - 2025-08-19T16:40:39.237Z - Time taken for 'Load Nx Plugin: /Users/michal.lukasiewicz/Programming/dungeon-crawler/node_modules/nx/src/plugins/project-json/build-nodes/package-json-next-to-project-json' 0.9527090000001408ms
[NX Daemon Server] - 2025-08-19T16:40:40.107Z - Established a connection. Number of open connections: 5
[NX Daemon Server] - 2025-08-19T16:40:40.108Z - [REQUEST]: Client Request for Project Graph Received
[NX Daemon Server] - 2025-08-19T16:40:40.110Z - [REQUEST]: Responding to the client. project-graph
[NX Daemon Server] - 2025-08-19T16:40:40.111Z - Time taken for 'total for creating and serializing project graph' 1.917000000000371ms
[NX Daemon Server] - 2025-08-19T16:40:40.111Z - Closed a connection. Number of open connections: 4
[NX Daemon Server] - 2025-08-19T16:40:40.112Z - Established a connection. Number of open connections: 5
[NX Daemon Server] - 2025-08-19T16:40:40.112Z - [REQUEST]: Client Request for Project Graph Received
[NX Daemon Server] - 2025-08-19T16:40:40.113Z - [REQUEST]: Responding to the client. project-graph
[NX Daemon Server] - 2025-08-19T16:40:40.114Z - Time taken for 'total for creating and serializing project graph' 1.1215830000001006ms
[NX Daemon Server] - 2025-08-19T16:40:40.114Z - Closed a connection. Number of open connections: 4
[NX Daemon Server] - 2025-08-19T16:40:40.116Z - Done responding to the client project-graph
[NX Daemon Server] - 2025-08-19T16:40:40.116Z - Handled REQUEST_PROJECT_GRAPH. Handling time: 2. Response time: 6.
[NX Daemon Server] - 2025-08-19T16:40:40.116Z - Done responding to the client project-graph
[NX Daemon Server] - 2025-08-19T16:40:40.116Z - Handled REQUEST_PROJECT_GRAPH. Handling time: 1. Response time: 3.
[NX Daemon Server] - 2025-08-19T16:40:40.119Z - [REQUEST]: Responding to the client. handleRequestFileData
[NX Daemon Server] - 2025-08-19T16:40:40.121Z - [REQUEST]: Responding to the client. handleRequestFileData
[NX Daemon Server] - 2025-08-19T16:40:40.121Z - Done responding to the client handleRequestFileData
[NX Daemon Server] - 2025-08-19T16:40:40.121Z - Handled REQUEST_FILE_DATA. Handling time: 1. Response time: 2.
[NX Daemon Server] - 2025-08-19T16:40:40.121Z - Done responding to the client handleRequestFileData
[NX Daemon Server] - 2025-08-19T16:40:40.121Z - Handled REQUEST_FILE_DATA. Handling time: 1. Response time: 0.
[NX Daemon Server] - 2025-08-19T16:40:40.122Z - Closed a connection. Number of open connections: 3
[NX Daemon Server] - 2025-08-19T16:40:40.123Z - Closed a connection. Number of open connections: 2
[NX Daemon Server] - 2025-08-19T16:40:40.151Z - Closed a connection. Number of open connections: 1
[NX Daemon Server] - 2025-08-19T16:40:40.151Z - Established a connection. Number of open connections: 2
[NX Daemon Server] - 2025-08-19T16:40:40.151Z - Established a connection. Number of open connections: 3
[NX Daemon Server] - 2025-08-19T16:40:40.151Z - Closed a connection. Number of open connections: 2
[NX Daemon Server] - 2025-08-19T16:40:40.151Z - Established a connection. Number of open connections: 3
[NX Daemon Server] - 2025-08-19T16:40:40.151Z - Closed a connection. Number of open connections: 2
[NX Daemon Server] - 2025-08-19T16:40:40.152Z - [REQUEST]: Client Request for Project Graph Received
[NX Daemon Server] - 2025-08-19T16:40:40.152Z - [REQUEST]: Responding to the client. project-graph
[NX Daemon Server] - 2025-08-19T16:40:40.153Z - Time taken for 'total for creating and serializing project graph' 0.4787500000002183ms
[NX Daemon Server] - 2025-08-19T16:40:40.153Z - Closed a connection. Number of open connections: 1
[NX Daemon Server] - 2025-08-19T16:40:40.153Z - Established a connection. Number of open connections: 2
[NX Daemon Server] - 2025-08-19T16:40:40.153Z - Established a connection. Number of open connections: 3
[NX Daemon Server] - 2025-08-19T16:40:40.153Z - Closed a connection. Number of open connections: 2
[NX Daemon Server] - 2025-08-19T16:40:40.153Z - Established a connection. Number of open connections: 3
[NX Daemon Server] - 2025-08-19T16:40:40.153Z - Closed a connection. Number of open connections: 2
[NX Daemon Server] - 2025-08-19T16:40:40.153Z - [REQUEST]: Client Request for Project Graph Received
[NX Daemon Server] - 2025-08-19T16:40:40.154Z - [REQUEST]: Responding to the client. project-graph
[NX Daemon Server] - 2025-08-19T16:40:40.154Z - Time taken for 'total for creating and serializing project graph' 0.2947919999996884ms
[NX Daemon Server] - 2025-08-19T16:40:40.155Z - Done responding to the client project-graph
[NX Daemon Server] - 2025-08-19T16:40:40.155Z - Handled REQUEST_PROJECT_GRAPH. Handling time: 0. Response time: 3.
[NX Daemon Server] - 2025-08-19T16:40:40.157Z - Done responding to the client project-graph
[NX Daemon Server] - 2025-08-19T16:40:40.157Z - Handled REQUEST_PROJECT_GRAPH. Handling time: 1. Response time: 3.
[NX Daemon Server] - 2025-08-19T16:40:40.158Z - [REQUEST]: Client Request for Project Graph Received
[NX Daemon Server] - 2025-08-19T16:40:40.158Z - [REQUEST]: Responding to the client. project-graph
[NX Daemon Server] - 2025-08-19T16:40:40.158Z - Time taken for 'total for creating and serializing project graph' 0.32970899999963876ms
[NX Daemon Server] - 2025-08-19T16:40:40.159Z - [REQUEST]: Client Request for Project Graph Received
[NX Daemon Server] - 2025-08-19T16:40:40.159Z - [REQUEST]: Responding to the client. project-graph
[NX Daemon Server] - 2025-08-19T16:40:40.160Z - Time taken for 'total for creating and serializing project graph' 0.304707999999664ms
[NX Daemon Server] - 2025-08-19T16:40:40.164Z - Done responding to the client project-graph
[NX Daemon Server] - 2025-08-19T16:40:40.164Z - Handled REQUEST_PROJECT_GRAPH. Handling time: 0. Response time: 6.
[NX Daemon Server] - 2025-08-19T16:40:40.164Z - Done responding to the client project-graph
[NX Daemon Server] - 2025-08-19T16:40:40.164Z - Handled REQUEST_PROJECT_GRAPH. Handling time: 0. Response time: 5.
[NX Daemon Server] - 2025-08-19T16:40:40.166Z - Established a connection. Number of open connections: 3
[NX Daemon Server] - 2025-08-19T16:40:40.166Z - Established a connection. Number of open connections: 4
[NX Daemon Server] - 2025-08-19T16:40:48.172Z - [WATCHER]: .eslintrc.json was modified
[NX Daemon Server] - 2025-08-19T16:40:48.172Z - [REQUEST]: Responding to the client. File watch changed
[NX Daemon Server] - 2025-08-19T16:40:48.173Z - [REQUEST]: Responding to the client. File watch changed
[NX Daemon Server] - 2025-08-19T16:40:48.173Z - Done responding to the client File watch changed
[NX Daemon Server] - 2025-08-19T16:40:48.173Z - Done responding to the client File watch changed
[NX Daemon Server] - 2025-08-19T16:40:48.173Z - Handled FILE-WATCH-CHANGED. Handling time: 0. Response time: 1.
[NX Daemon Server] - 2025-08-19T16:40:48.173Z - Handled FILE-WATCH-CHANGED. Handling time: 1. Response time: 0.
[NX Daemon Server] - 2025-08-19T16:40:48.173Z - [WATCHER]: Processing file changes in outputs
[NX Daemon Server] - 2025-08-19T16:40:48.173Z - Time taken for 'changed-projects' 0.24070800000117742ms
[NX Daemon Server] - 2025-08-19T16:40:48.277Z - [REQUEST]: Updated workspace context based on watched changes, recomputing project graph...
[NX Daemon Server] - 2025-08-19T16:40:48.277Z - [REQUEST]: .eslintrc.json
[NX Daemon Server] - 2025-08-19T16:40:48.277Z - [REQUEST]: 
[NX Daemon Server] - 2025-08-19T16:40:48.305Z - Time taken for 'Load Nx Plugin: /Users/michal.lukasiewicz/Programming/dungeon-crawler/node_modules/nx/src/plugins/project-json/build-nodes/package-json-next-to-project-json' 0.4087920000001759ms
[NX Daemon Server] - 2025-08-19T16:40:49.174Z - Established a connection. Number of open connections: 5
[NX Daemon Server] - 2025-08-19T16:40:49.177Z - [REQUEST]: Client Request for Project Graph Received
[NX Daemon Server] - 2025-08-19T16:40:49.178Z - [REQUEST]: Responding to the client. project-graph
[NX Daemon Server] - 2025-08-19T16:40:49.179Z - Time taken for 'total for creating and serializing project graph' 1.1996670000007725ms
[NX Daemon Server] - 2025-08-19T16:40:49.179Z - Closed a connection. Number of open connections: 4
[NX Daemon Server] - 2025-08-19T16:40:49.179Z - Established a connection. Number of open connections: 5
[NX Daemon Server] - 2025-08-19T16:40:49.180Z - [REQUEST]: Client Request for Project Graph Received
[NX Daemon Server] - 2025-08-19T16:40:49.181Z - [REQUEST]: Responding to the client. project-graph
[NX Daemon Server] - 2025-08-19T16:40:49.182Z - Time taken for 'total for creating and serializing project graph' 0.836542000000918ms
[NX Daemon Server] - 2025-08-19T16:40:49.182Z - Closed a connection. Number of open connections: 4
[NX Daemon Server] - 2025-08-19T16:40:49.183Z - Done responding to the client project-graph
[NX Daemon Server] - 2025-08-19T16:40:49.183Z - Handled REQUEST_PROJECT_GRAPH. Handling time: 1. Response time: 2.
[NX Daemon Server] - 2025-08-19T16:40:49.184Z - Done responding to the client project-graph
[NX Daemon Server] - 2025-08-19T16:40:49.184Z - Handled REQUEST_PROJECT_GRAPH. Handling time: 1. Response time: 6.
[NX Daemon Server] - 2025-08-19T16:40:49.187Z - [REQUEST]: Responding to the client. handleRequestFileData
[NX Daemon Server] - 2025-08-19T16:40:49.188Z - [REQUEST]: Responding to the client. handleRequestFileData
[NX Daemon Server] - 2025-08-19T16:40:49.189Z - Done responding to the client handleRequestFileData
[NX Daemon Server] - 2025-08-19T16:40:49.189Z - Handled REQUEST_FILE_DATA. Handling time: 1. Response time: 2.
[NX Daemon Server] - 2025-08-19T16:40:49.189Z - Done responding to the client handleRequestFileData
[NX Daemon Server] - 2025-08-19T16:40:49.189Z - Handled REQUEST_FILE_DATA. Handling time: 1. Response time: 1.
[NX Daemon Server] - 2025-08-19T16:40:49.190Z - Closed a connection. Number of open connections: 3
[NX Daemon Server] - 2025-08-19T16:40:49.190Z - Closed a connection. Number of open connections: 2
[NX Daemon Server] - 2025-08-19T16:40:49.218Z - Closed a connection. Number of open connections: 1
[NX Daemon Server] - 2025-08-19T16:40:49.219Z - Established a connection. Number of open connections: 2
[NX Daemon Server] - 2025-08-19T16:40:49.219Z - Established a connection. Number of open connections: 3
[NX Daemon Server] - 2025-08-19T16:40:49.219Z - Closed a connection. Number of open connections: 2
[NX Daemon Server] - 2025-08-19T16:40:49.219Z - Established a connection. Number of open connections: 3
[NX Daemon Server] - 2025-08-19T16:40:49.219Z - Closed a connection. Number of open connections: 2
[NX Daemon Server] - 2025-08-19T16:40:49.219Z - [REQUEST]: Client Request for Project Graph Received
[NX Daemon Server] - 2025-08-19T16:40:49.220Z - [REQUEST]: Responding to the client. project-graph
[NX Daemon Server] - 2025-08-19T16:40:49.220Z - Time taken for 'total for creating and serializing project graph' 0.30766699999912817ms
[NX Daemon Server] - 2025-08-19T16:40:49.220Z - Closed a connection. Number of open connections: 1
[NX Daemon Server] - 2025-08-19T16:40:49.220Z - Established a connection. Number of open connections: 2
[NX Daemon Server] - 2025-08-19T16:40:49.220Z - Established a connection. Number of open connections: 3
[NX Daemon Server] - 2025-08-19T16:40:49.221Z - Closed a connection. Number of open connections: 2
[NX Daemon Server] - 2025-08-19T16:40:49.221Z - Established a connection. Number of open connections: 3
[NX Daemon Server] - 2025-08-19T16:40:49.221Z - Closed a connection. Number of open connections: 2
[NX Daemon Server] - 2025-08-19T16:40:49.221Z - [REQUEST]: Client Request for Project Graph Received
[NX Daemon Server] - 2025-08-19T16:40:49.221Z - [REQUEST]: Responding to the client. project-graph
[NX Daemon Server] - 2025-08-19T16:40:49.221Z - Time taken for 'total for creating and serializing project graph' 0.30958300000020245ms
[NX Daemon Server] - 2025-08-19T16:40:49.222Z - Done responding to the client project-graph
[NX Daemon Server] - 2025-08-19T16:40:49.222Z - Handled REQUEST_PROJECT_GRAPH. Handling time: 1. Response time: 2.
[NX Daemon Server] - 2025-08-19T16:40:49.223Z - Done responding to the client project-graph
[NX Daemon Server] - 2025-08-19T16:40:49.223Z - Handled REQUEST_PROJECT_GRAPH. Handling time: 0. Response time: 2.
[NX Daemon Server] - 2025-08-19T16:40:49.224Z - [REQUEST]: Client Request for Project Graph Received
[NX Daemon Server] - 2025-08-19T16:40:49.225Z - [REQUEST]: Responding to the client. project-graph
[NX Daemon Server] - 2025-08-19T16:40:49.225Z - Time taken for 'total for creating and serializing project graph' 0.3203749999993306ms
[NX Daemon Server] - 2025-08-19T16:40:49.226Z - [REQUEST]: Client Request for Project Graph Received
[NX Daemon Server] - 2025-08-19T16:40:49.226Z - [REQUEST]: Responding to the client. project-graph
[NX Daemon Server] - 2025-08-19T16:40:49.226Z - Time taken for 'total for creating and serializing project graph' 0.2620409999999538ms
[NX Daemon Server] - 2025-08-19T16:40:49.227Z - Done responding to the client project-graph
[NX Daemon Server] - 2025-08-19T16:40:49.227Z - Handled REQUEST_PROJECT_GRAPH. Handling time: 0. Response time: 1.
[NX Daemon Server] - 2025-08-19T16:40:49.227Z - Done responding to the client project-graph
[NX Daemon Server] - 2025-08-19T16:40:49.227Z - Handled REQUEST_PROJECT_GRAPH. Handling time: 1. Response time: 2.
[NX Daemon Server] - 2025-08-19T16:40:49.229Z - Established a connection. Number of open connections: 3
[NX Daemon Server] - 2025-08-19T16:40:49.229Z - Established a connection. Number of open connections: 4
[NX Daemon Server] - 2025-08-19T16:40:58.158Z - Established a connection. Number of open connections: 5
[NX Daemon Server] - 2025-08-19T16:40:58.158Z - Closed a connection. Number of open connections: 4
[NX Daemon Server] - 2025-08-19T16:40:58.158Z - Established a connection. Number of open connections: 5
[NX Daemon Server] - 2025-08-19T16:40:58.160Z - [REQUEST]: Client Request for Project Graph Received
[NX Daemon Server] - 2025-08-19T16:40:58.161Z - [REQUEST]: Responding to the client. project-graph
[NX Daemon Server] - 2025-08-19T16:40:58.162Z - Time taken for 'total for creating and serializing project graph' 0.9957079999985581ms
[NX Daemon Server] - 2025-08-19T16:40:58.164Z - Done responding to the client project-graph
[NX Daemon Server] - 2025-08-19T16:40:58.164Z - Handled REQUEST_PROJECT_GRAPH. Handling time: 1. Response time: 3.
[NX Daemon Server] - 2025-08-19T16:40:58.186Z - Closed a connection. Number of open connections: 4
[NX Daemon Server] - 2025-08-19T16:41:01.211Z - Established a connection. Number of open connections: 5
[NX Daemon Server] - 2025-08-19T16:41:01.211Z - Closed a connection. Number of open connections: 4
[NX Daemon Server] - 2025-08-19T16:41:01.211Z - Established a connection. Number of open connections: 5
[NX Daemon Server] - 2025-08-19T16:41:01.212Z - [REQUEST]: Client Request for Project Graph Received
[NX Daemon Server] - 2025-08-19T16:41:01.213Z - [REQUEST]: Responding to the client. project-graph
[NX Daemon Server] - 2025-08-19T16:41:01.214Z - Time taken for 'total for creating and serializing project graph' 0.7512500000011642ms
[NX Daemon Server] - 2025-08-19T16:41:01.217Z - Done responding to the client project-graph
[NX Daemon Server] - 2025-08-19T16:41:01.217Z - Handled REQUEST_PROJECT_GRAPH. Handling time: 1. Response time: 4.
[NX Daemon Server] - 2025-08-19T16:41:01.244Z - [REQUEST]: Responding to the client. handleHashTasks
[NX Daemon Server] - 2025-08-19T16:41:01.244Z - Done responding to the client handleHashTasks
[NX Daemon Server] - 2025-08-19T16:41:01.244Z - Handled HASH_TASKS. Handling time: 14. Response time: 1.
[NX Daemon Server] - 2025-08-19T16:41:01.244Z - Time taken for 'Load Nx Plugin: /Users/michal.lukasiewicz/Programming/dungeon-crawler/node_modules/nx/src/plugins/project-json/build-nodes/package-json-next-to-project-json' 0.4865830000017013ms
[NX Daemon Server] - 2025-08-19T16:41:02.039Z - [REQUEST]: Responding to the client. recordOutputsHash
[NX Daemon Server] - 2025-08-19T16:41:02.040Z - Done responding to the client recordOutputsHash
[NX Daemon Server] - 2025-08-19T16:41:02.040Z - Handled RECORD_OUTPUTS_HASH. Handling time: 1. Response time: 1.
[NX Daemon Server] - 2025-08-19T16:41:02.060Z - [WATCHER]: Processing file changes in outputs
[NX Daemon Server] - 2025-08-19T16:41:02.065Z - Closed a connection. Number of open connections: 4
[NX Daemon Server] - 2025-08-19T16:41:05.228Z - Established a connection. Number of open connections: 5
[NX Daemon Server] - 2025-08-19T16:41:05.229Z - Closed a connection. Number of open connections: 4
[NX Daemon Server] - 2025-08-19T16:41:05.229Z - Established a connection. Number of open connections: 5
[NX Daemon Server] - 2025-08-19T16:41:05.230Z - [REQUEST]: Client Request for Project Graph Received
[NX Daemon Server] - 2025-08-19T16:41:05.232Z - [REQUEST]: Responding to the client. project-graph
[NX Daemon Server] - 2025-08-19T16:41:05.233Z - Time taken for 'total for creating and serializing project graph' 1.8112089999995078ms
[NX Daemon Server] - 2025-08-19T16:41:05.235Z - Done responding to the client project-graph
[NX Daemon Server] - 2025-08-19T16:41:05.235Z - Handled REQUEST_PROJECT_GRAPH. Handling time: 2. Response time: 3.
[NX Daemon Server] - 2025-08-19T16:41:05.249Z - [REQUEST]: Client Request for Project Graph Received
[NX Daemon Server] - 2025-08-19T16:41:05.251Z - [REQUEST]: Responding to the client. project-graph
[NX Daemon Server] - 2025-08-19T16:41:05.252Z - Time taken for 'total for creating and serializing project graph' 1.4825420000015583ms
[NX Daemon Server] - 2025-08-19T16:41:05.255Z - Done responding to the client project-graph
[NX Daemon Server] - 2025-08-19T16:41:05.255Z - Handled REQUEST_PROJECT_GRAPH. Handling time: 2. Response time: 4.
[NX Daemon Server] - 2025-08-19T16:41:05.259Z - [REQUEST]: Client Request for Project Graph Received
[NX Daemon Server] - 2025-08-19T16:41:05.260Z - [REQUEST]: Responding to the client. project-graph
[NX Daemon Server] - 2025-08-19T16:41:05.261Z - Time taken for 'total for creating and serializing project graph' 1.0472499999996217ms
[NX Daemon Server] - 2025-08-19T16:41:05.262Z - Done responding to the client project-graph
[NX Daemon Server] - 2025-08-19T16:41:05.262Z - Handled REQUEST_PROJECT_GRAPH. Handling time: 1. Response time: 2.
[NX Daemon Server] - 2025-08-19T16:41:05.299Z - [WATCHER]: 0 file(s) created or restored, 7 file(s) modified, 0 file(s) deleted
[NX Daemon Server] - 2025-08-19T16:41:05.300Z - [REQUEST]: Responding to the client. File watch changed
[NX Daemon Server] - 2025-08-19T16:41:05.300Z - [REQUEST]: Responding to the client. File watch changed
[NX Daemon Server] - 2025-08-19T16:41:05.300Z - Done responding to the client File watch changed
[NX Daemon Server] - 2025-08-19T16:41:05.300Z - Done responding to the client File watch changed
[NX Daemon Server] - 2025-08-19T16:41:05.300Z - Handled FILE-WATCH-CHANGED. Handling time: 0. Response time: 0.
[NX Daemon Server] - 2025-08-19T16:41:05.300Z - Handled FILE-WATCH-CHANGED. Handling time: 0. Response time: 0.
[NX Daemon Server] - 2025-08-19T16:41:05.300Z - [WATCHER]: Processing file changes in outputs
[NX Daemon Server] - 2025-08-19T16:41:05.300Z - Time taken for 'changed-projects' 0.4361669999998412ms
[NX Daemon Server] - 2025-08-19T16:41:05.365Z - [REQUEST]: Responding to the client. handleRequestFileData
[NX Daemon Server] - 2025-08-19T16:41:05.366Z - Done responding to the client handleRequestFileData
[NX Daemon Server] - 2025-08-19T16:41:05.367Z - Handled REQUEST_FILE_DATA. Handling time: 3. Response time: 2.
[NX Daemon Server] - 2025-08-19T16:41:05.405Z - [REQUEST]: Updated workspace context based on watched changes, recomputing project graph...
[NX Daemon Server] - 2025-08-19T16:41:05.405Z - [REQUEST]: static/favicon.ico,static/main.js,static/styles.js,static/runtime.js,static/3rdpartylicenses.txt,static/environment.js,static/styles.css
[NX Daemon Server] - 2025-08-19T16:41:05.405Z - [REQUEST]: 
[NX Daemon Server] - 2025-08-19T16:41:05.432Z - Time taken for 'Load Nx Plugin: /Users/michal.lukasiewicz/Programming/dungeon-crawler/node_modules/nx/src/plugins/project-json/build-nodes/package-json-next-to-project-json' 0.7705409999980475ms
[NX Daemon Server] - 2025-08-19T16:41:05.622Z - Closed a connection. Number of open connections: 4
[NX Daemon Server] - 2025-08-19T16:41:05.682Z - [WATCHER]: 1 file(s) created or restored, 1 file(s) modified, 0 file(s) deleted
[NX Daemon Server] - 2025-08-19T16:41:05.683Z - [REQUEST]: Responding to the client. File watch changed
[NX Daemon Server] - 2025-08-19T16:41:05.683Z - [REQUEST]: Responding to the client. File watch changed
[NX Daemon Server] - 2025-08-19T16:41:05.683Z - Done responding to the client File watch changed
[NX Daemon Server] - 2025-08-19T16:41:05.683Z - Done responding to the client File watch changed
[NX Daemon Server] - 2025-08-19T16:41:05.683Z - Handled FILE-WATCH-CHANGED. Handling time: 0. Response time: 0.
[NX Daemon Server] - 2025-08-19T16:41:05.683Z - Handled FILE-WATCH-CHANGED. Handling time: 0. Response time: 0.
[NX Daemon Server] - 2025-08-19T16:41:05.683Z - [WATCHER]: Processing file changes in outputs
[NX Daemon Server] - 2025-08-19T16:41:05.683Z - Time taken for 'changed-projects' 0.3267500000001746ms
[NX Daemon Server] - 2025-08-19T16:41:05.788Z - [REQUEST]: Updated workspace context based on watched changes, recomputing project graph...
[NX Daemon Server] - 2025-08-19T16:41:05.788Z - [REQUEST]: dependency-graph.html,static/environment.js
[NX Daemon Server] - 2025-08-19T16:41:05.788Z - [REQUEST]: 
[NX Daemon Server] - 2025-08-19T16:41:05.814Z - [REQUEST]: Responding to the client. File watch changed
[NX Daemon Server] - 2025-08-19T16:41:05.814Z - [REQUEST]: Responding to the client. File watch changed
[NX Daemon Server] - 2025-08-19T16:41:05.814Z - Done responding to the client File watch changed
[NX Daemon Server] - 2025-08-19T16:41:05.814Z - Done responding to the client File watch changed
[NX Daemon Server] - 2025-08-19T16:41:05.814Z - Handled FILE-WATCH-CHANGED. Handling time: 1. Response time: 0.
[NX Daemon Server] - 2025-08-19T16:41:05.814Z - Handled FILE-WATCH-CHANGED. Handling time: 0. Response time: 0.
[NX Daemon Server] - 2025-08-19T16:41:05.814Z - Time taken for 'Load Nx Plugin: /Users/michal.lukasiewicz/Programming/dungeon-crawler/node_modules/nx/src/plugins/project-json/build-nodes/package-json-next-to-project-json' 0.7664169999989099ms
[NX Daemon Server] - 2025-08-19T16:41:06.818Z - Established a connection. Number of open connections: 5
[NX Daemon Server] - 2025-08-19T16:41:06.820Z - [REQUEST]: Client Request for Project Graph Received
[NX Daemon Server] - 2025-08-19T16:41:06.823Z - [REQUEST]: Responding to the client. project-graph
[NX Daemon Server] - 2025-08-19T16:41:06.824Z - Time taken for 'total for creating and serializing project graph' 3.3622079999986454ms
[NX Daemon Server] - 2025-08-19T16:41:06.824Z - Established a connection. Number of open connections: 6
[NX Daemon Server] - 2025-08-19T16:41:06.825Z - [REQUEST]: Client Request for Project Graph Received
[NX Daemon Server] - 2025-08-19T16:41:06.825Z - [REQUEST]: Responding to the client. project-graph
[NX Daemon Server] - 2025-08-19T16:41:06.826Z - Time taken for 'total for creating and serializing project graph' 0.5831660000039847ms
[NX Daemon Server] - 2025-08-19T16:41:06.826Z - Closed a connection. Number of open connections: 5
[NX Daemon Server] - 2025-08-19T16:41:06.826Z - Closed a connection. Number of open connections: 4
[NX Daemon Server] - 2025-08-19T16:41:06.827Z - Done responding to the client project-graph
[NX Daemon Server] - 2025-08-19T16:41:06.827Z - Handled REQUEST_PROJECT_GRAPH. Handling time: 3. Response time: 4.
[NX Daemon Server] - 2025-08-19T16:41:06.828Z - Done responding to the client project-graph
[NX Daemon Server] - 2025-08-19T16:41:06.828Z - Handled REQUEST_PROJECT_GRAPH. Handling time: 0. Response time: 3.
[NX Daemon Server] - 2025-08-19T16:41:06.833Z - [REQUEST]: Responding to the client. handleRequestFileData
[NX Daemon Server] - 2025-08-19T16:41:06.835Z - [REQUEST]: Responding to the client. handleRequestFileData
[NX Daemon Server] - 2025-08-19T16:41:06.836Z - Done responding to the client handleRequestFileData
[NX Daemon Server] - 2025-08-19T16:41:06.836Z - Handled REQUEST_FILE_DATA. Handling time: 2. Response time: 1.
[NX Daemon Server] - 2025-08-19T16:41:06.836Z - Done responding to the client handleRequestFileData
[NX Daemon Server] - 2025-08-19T16:41:06.836Z - Handled REQUEST_FILE_DATA. Handling time: 2. Response time: 3.
[NX Daemon Server] - 2025-08-19T16:41:06.838Z - Closed a connection. Number of open connections: 3
[NX Daemon Server] - 2025-08-19T16:41:06.838Z - Closed a connection. Number of open connections: 2
[NX Daemon Server] - 2025-08-19T16:41:06.878Z - Closed a connection. Number of open connections: 1
[NX Daemon Server] - 2025-08-19T16:41:06.879Z - Established a connection. Number of open connections: 2
[NX Daemon Server] - 2025-08-19T16:41:06.879Z - Established a connection. Number of open connections: 3
[NX Daemon Server] - 2025-08-19T16:41:06.879Z - Closed a connection. Number of open connections: 2
[NX Daemon Server] - 2025-08-19T16:41:06.879Z - Established a connection. Number of open connections: 3
[NX Daemon Server] - 2025-08-19T16:41:06.879Z - Closed a connection. Number of open connections: 2
[NX Daemon Server] - 2025-08-19T16:41:06.880Z - [REQUEST]: Client Request for Project Graph Received
[NX Daemon Server] - 2025-08-19T16:41:06.880Z - [REQUEST]: Responding to the client. project-graph
[NX Daemon Server] - 2025-08-19T16:41:06.881Z - Time taken for 'total for creating and serializing project graph' 0.390625ms
[NX Daemon Server] - 2025-08-19T16:41:06.881Z - Closed a connection. Number of open connections: 1
[NX Daemon Server] - 2025-08-19T16:41:06.881Z - Established a connection. Number of open connections: 2
[NX Daemon Server] - 2025-08-19T16:41:06.882Z - Closed a connection. Number of open connections: 1
[NX Daemon Server] - 2025-08-19T16:41:06.882Z - Established a connection. Number of open connections: 2
[NX Daemon Server] - 2025-08-19T16:41:06.882Z - Established a connection. Number of open connections: 3
[NX Daemon Server] - 2025-08-19T16:41:06.882Z - Closed a connection. Number of open connections: 2
[NX Daemon Server] - 2025-08-19T16:41:06.882Z - [REQUEST]: Client Request for Project Graph Received
[NX Daemon Server] - 2025-08-19T16:41:06.882Z - [REQUEST]: Responding to the client. project-graph
[NX Daemon Server] - 2025-08-19T16:41:06.882Z - Time taken for 'total for creating and serializing project graph' 0.2783329999947455ms
[NX Daemon Server] - 2025-08-19T16:41:06.883Z - Done responding to the client project-graph
[NX Daemon Server] - 2025-08-19T16:41:06.883Z - Handled REQUEST_PROJECT_GRAPH. Handling time: 0. Response time: 3.
[NX Daemon Server] - 2025-08-19T16:41:06.884Z - Done responding to the client project-graph
[NX Daemon Server] - 2025-08-19T16:41:06.884Z - Handled REQUEST_PROJECT_GRAPH. Handling time: 0. Response time: 2.
[NX Daemon Server] - 2025-08-19T16:41:06.885Z - [REQUEST]: Client Request for Project Graph Received
[NX Daemon Server] - 2025-08-19T16:41:06.886Z - [REQUEST]: Responding to the client. project-graph
[NX Daemon Server] - 2025-08-19T16:41:06.886Z - Time taken for 'total for creating and serializing project graph' 0.3663329999981215ms
[NX Daemon Server] - 2025-08-19T16:41:06.886Z - [REQUEST]: Client Request for Project Graph Received
[NX Daemon Server] - 2025-08-19T16:41:06.886Z - [REQUEST]: Responding to the client. project-graph
[NX Daemon Server] - 2025-08-19T16:41:06.887Z - Time taken for 'total for creating and serializing project graph' 0.24025000000256114ms
[NX Daemon Server] - 2025-08-19T16:41:06.887Z - Done responding to the client project-graph
[NX Daemon Server] - 2025-08-19T16:41:06.887Z - Handled REQUEST_PROJECT_GRAPH. Handling time: 1. Response time: 1.
[NX Daemon Server] - 2025-08-19T16:41:06.887Z - Done responding to the client project-graph
[NX Daemon Server] - 2025-08-19T16:41:06.887Z - Handled REQUEST_PROJECT_GRAPH. Handling time: 0. Response time: 1.
[NX Daemon Server] - 2025-08-19T16:41:06.889Z - Established a connection. Number of open connections: 3
[NX Daemon Server] - 2025-08-19T16:41:06.889Z - Established a connection. Number of open connections: 4
